2023/06/20 13:40:59 universities-ranking-controller.go:29: Application started.....Running on port 9090
2023/06/20 13:41:29 universities-ranking-controller.go:76: Retrieved all universities from the database successfully
2023/06/20 13:41:37 universities-ranking-controller.go:62: Retrieved all universities from the cache successfully
2023/06/20 13:43:44 universities-ranking-controller.go:76: Retrieved all universities from the database successfully
2023/06/20 13:43:48 universities-ranking-controller.go:62: Retrieved all universities from the cache successfully
2023/06/20 13:45:11 universities-ranking-controller.go:35: Application closed!!
2023/06/20 13:46:45 universities-ranking-controller.go:29: Application started.....Running on port 9090
2023/06/20 13:46:52 universities-ranking-controller.go:35: Application closed!!
2023/06/20 13:49:49 universities-ranking-controller.go:30: Application started.....Running on port 9090
2023/06/20 13:50:30 universities-ranking-controller.go:36: Application closed!!
2023/06/20 13:52:57 universities-ranking-controller.go:30: Application started.....Running on port 9090
2023/06/20 13:55:06 universities-ranking-controller.go:36: Application closed!!
2023/06/20 13:57:26 universities-ranking-controller.go:30: Application started.....Running on port 9090
2023/06/20 13:58:06 universities-ranking-controller.go:36: Application closed!!
2023/06/20 14:00:21 universities-ranking-controller.go:30: Application started.....Running on port 9090
2023/06/20 14:01:10 universities-ranking-controller.go:36: Application closed!!
2023/06/20 14:01:18 universities-ranking-controller.go:30: Application started.....Running on port 9090
2023/06/20 14:02:40 universities-ranking-controller.go:36: Application closed!!
2023/06/20 14:04:03 universities-ranking-controller.go:30: Application started.....Running on port 9090
2023/06/20 14:04:32 universities-ranking-controller.go:36: Application closed!!
2023/06/20 14:04:52 universities-ranking-controller.go:30: Application started.....Running on port 9090
2023/06/20 14:12:26 universities-ranking-controller.go:36: Application closed!!
2023/06/20 14:13:57 universities-ranking-controller.go:29: Application started.....Running on port 9090
2023/06/20 14:14:17 universities-ranking-controller.go:134: json: cannot unmarshal number into Go struct field University.location of type string
2023/06/20 14:15:06 universities-ranking-controller.go:35: Application closed!!
2023/06/20 14:18:16 universities-ranking-controller.go:29: Application started.....Running on port 9090
2023/06/20 14:18:50 universities-ranking-controller.go:134: json: cannot unmarshal number into Go struct field University.location of type string
2023/06/20 14:18:59 universities-ranking-controller.go:142: Updated the university: University of Oxford and gjhjhjhjhj info by rank : 1 successfully
2023/06/20 14:31:56 universities-ranking-controller.go:35: Application closed!!
2023/06/20 14:39:04 universities-ranking-controller.go:29: Application started.....Running on port 9090
2023/06/20 14:39:26 universities-ranking-controller.go:148: {1 University of Oxford gjhjhjhjhj}
2023/06/20 15:06:48 universities-ranking-controller.go:35: Application closed!!
2023/06/20 15:27:24 universities-ranking-controller.go:31: Application started.....Running on port 9090
2023/06/20 15:27:54 universities-ranking-controller.go:169: No fields were updated
2023/06/20 15:28:18 universities-ranking-controller.go:169: No fields were updated
2023/06/20 15:29:03 universities-ranking-controller.go:169: No fields were updated
2023/06/20 15:29:12 universities-ranking-controller.go:37: Application closed!!
2023/06/20 15:38:30 universities-ranking-controller.go:29: Application started.....Running on port 9090
2023/06/20 15:38:52 universities-ranking-controller.go:148: &{1 hjejfjf codienenj}
2023/06/20 15:39:07 universities-ranking-controller.go:35: Application closed!!
2023/06/20 15:44:32 universities-ranking-controller.go:29: Application started.....Running on port 9090
2023/06/20 15:44:55 universities-ranking-controller.go:148: Updated successfully : &{%!s(uint16=1) UO UK}
2023/06/20 15:50:42 universities-ranking-controller.go:35: Application closed!!
2023/06/20 16:10:57 universities-ranking-controller.go:29: Application started.....Running on port 9090
2023/06/20 16:12:15 universities-ranking-controller.go:76: Retrieved all universities from the database successfully
2023/06/20 16:12:53 universities-ranking-controller.go:62: Retrieved all universities from the cache successfully
2023/06/20 16:13:13 universities-ranking-controller.go:35: Application closed!!
2023/06/20 16:13:23 universities-ranking-controller.go:29: Application started.....Running on port 9090
2023/06/20 16:13:35 universities-ranking-controller.go:76: Retrieved all universities from the database successfully
2023/06/20 16:14:08 universities-ranking-controller.go:35: Application closed!!
2023/06/20 16:14:15 universities-ranking-controller.go:29: Application started.....Running on port 9090
2023/06/20 16:14:30 universities-ranking-controller.go:76: Retrieved all universities from the database successfully
2023/06/20 16:14:35 universities-ranking-controller.go:62: Retrieved all universities from the cache successfully
2023/06/20 16:14:40 universities-ranking-controller.go:35: Application closed!!
2023/06/20 16:17:03 universities-ranking-controller.go:29: Application started.....Running on port 9090
2023/06/20 16:17:15 universities-ranking-controller.go:76: Retrieved all universities from the database successfully
2023/06/20 16:17:23 universities-ranking-controller.go:62: Retrieved all universities from the cache successfully
2023/06/20 16:17:50 universities-ranking-controller.go:35: Application closed!!
2023/06/20 16:17:58 universities-ranking-controller.go:29: Application started.....Running on port 9090
2023/06/20 16:18:10 universities-ranking-controller.go:76: Retrieved all universities from the database successfully
2023/06/20 16:18:16 universities-ranking-controller.go:62: Retrieved all universities from the cache successfully
2023/06/20 16:19:13 universities-ranking-controller.go:35: Application closed!!
2023/06/20 16:19:21 universities-ranking-controller.go:29: Application started.....Running on port 9090
2023/06/20 16:19:30 universities-ranking-controller.go:76: Retrieved all universities from the database successfully
2023/06/20 16:19:53 universities-ranking-controller.go:62: Retrieved all universities from the cache successfully
2023/06/20 16:19:58 universities-ranking-controller.go:62: Retrieved all universities from the cache successfully
2023/06/20 16:20:10 universities-ranking-controller.go:62: Retrieved all universities from the cache successfully
2023/06/20 16:21:07 universities-ranking-controller.go:35: Application closed!!
2023/06/20 16:21:38 universities-ranking-controller.go:29: Application started.....Running on port 9090
2023/06/20 16:24:25 universities-ranking-controller.go:35: Application closed!!
2023/06/20 16:26:54 universities-ranking-controller.go:33: Application started.....Running on port 9090
2023/06/20 16:27:11 universities-ranking-controller.go:80: Retrieved all universities from the database successfully
2023/06/20 16:27:13 universities-ranking-controller.go:66: Retrieved all universities from the cache successfully
2023/06/20 16:27:33 universities-ranking-controller.go:39: Application closed!!
2023/06/20 16:27:39 universities-ranking-controller.go:33: Application started.....Running on port 9090
2023/06/20 16:27:55 universities-ranking-controller.go:212: Field updates:
2023/06/20 16:27:55 universities-ranking-controller.go:216: Title: University of Oxford -> UO
2023/06/20 16:27:55 universities-ranking-controller.go:216: Location: United Kingdom -> UK
2023/06/20 16:28:02 universities-ranking-controller.go:80: Retrieved all universities from the database successfully
2023/06/20 16:30:02 universities-ranking-controller.go:39: Application closed!!
2023/06/20 16:31:39 universities-ranking-controller.go:33: Application started.....Running on port 9090
2023/06/20 16:31:50 universities-ranking-controller.go:80: Retrieved all universities from the database successfully
2023/06/20 16:33:33 universities-ranking-controller.go:39: Application closed!!
2023/06/20 16:35:35 universities-ranking-controller.go:33: Application started.....Running on port 9090
2023/06/20 16:37:08 universities-ranking-controller.go:39: Application closed!!
2023/06/20 16:37:15 universities-ranking-controller.go:33: Application started.....Running on port 9090
2023/06/20 16:37:23 universities-ranking-controller.go:209: Updated fields for rank 1: Title, Location
2023/06/20 16:37:28 universities-ranking-controller.go:80: Retrieved all universities from the database successfully
2023/06/20 16:37:30 universities-ranking-controller.go:66: Retrieved all universities from the cache successfully
2023/06/20 16:39:53 universities-ranking-controller.go:39: Application closed!!
2023/06/20 16:40:00 universities-ranking-controller.go:33: Application started.....Running on port 9090
2023/06/20 16:40:22 universities-ranking-controller.go:80: Retrieved all universities from the database successfully
2023/06/20 16:40:24 universities-ranking-controller.go:66: Retrieved all universities from the cache successfully
2023/06/20 16:42:28 universities-ranking-controller.go:39: Application closed!!
2023/06/20 16:42:35 universities-ranking-controller.go:33: Application started.....Running on port 9090
2023/06/20 16:44:08 universities-ranking-controller.go:80: Retrieved all universities from the database successfully
2023/06/20 16:44:09 universities-ranking-controller.go:66: Retrieved all universities from the cache successfully
2023/06/20 16:44:24 universities-ranking-controller.go:95: Cache miss
2023/06/20 16:44:24 universities-ranking-controller.go:99: No Record found for rank : 1600
2023/06/20 16:44:30 universities-ranking-controller.go:95: Cache miss
2023/06/20 16:44:30 universities-ranking-controller.go:106: Retrieved the university info by rank: 1526 from the database successfully
2023/06/20 16:44:32 universities-ranking-controller.go:115: Retrieved the university info by rank: 1526 from the Cache successfully
2023/06/20 16:44:44 universities-ranking-controller.go:39: Application closed!!
2023/06/20 16:46:37 universities-ranking-controller.go:33: Application started.....Running on port 9090
2023/06/20 16:47:50 universities-ranking-controller.go:80: Retrieved all universities from the database successfully
2023/06/20 16:48:36 universities-ranking-controller.go:39: Application closed!!
2023/06/20 16:49:53 universities-ranking-controller.go:33: Application started.....Running on port 9090
2023/06/20 16:50:03 universities-ranking-controller.go:80: Retrieved all universities from the database successfully
2023/06/20 16:50:17 universities-ranking-controller.go:204: Failed to update
2023/06/20 16:50:17 universities-ranking-controller.go:211: Updated fields for rank 1: Title, Location
2023/06/20 16:50:28 universities-ranking-controller.go:66: Retrieved all universities from the cache successfully
2023/06/20 16:50:30 universities-ranking-controller.go:66: Retrieved all universities from the cache successfully
2023/06/20 16:50:53 universities-ranking-controller.go:39: Application closed!!
2023/06/20 16:50:59 universities-ranking-controller.go:33: Application started.....Running on port 9090
2023/06/20 16:51:12 universities-ranking-controller.go:80: Retrieved all universities from the database successfully
2023/06/20 16:51:15 universities-ranking-controller.go:204: Failed to update
2023/06/20 16:51:15 universities-ranking-controller.go:211: Updated fields for rank 1: Title, Location
2023/06/20 16:51:18 universities-ranking-controller.go:204: Failed to update
2023/06/20 16:51:18 universities-ranking-controller.go:211: Updated fields for rank 1: Title, Location
2023/06/20 16:51:28 universities-ranking-controller.go:39: Application closed!!
2023/06/20 17:09:11 universities-ranking-controller.go:29: Application started.....Running on port 9090
2023/06/20 17:10:06 universities-ranking-controller.go:35: Application closed!!
2023/06/20 17:10:13 universities-ranking-controller.go:29: Application started.....Running on port 9090
2023/06/20 17:10:26 universities-ranking-controller.go:76: Retrieved all universities from the database successfully
2023/06/20 17:10:28 universities-ranking-controller.go:62: Retrieved all universities from the cache successfully
2023/06/20 17:11:31 universities-ranking-controller.go:35: Application closed!!
2023/06/20 17:12:17 universities-ranking-controller.go:29: Application started.....Running on port 9090
2023/06/20 17:14:02 universities-ranking-controller.go:35: Application closed!!
2023/06/20 17:16:25 universities-ranking-controller.go:29: Application started.....Running on port 9090
2023/06/20 17:16:39 universities-ranking-controller.go:76: Retrieved all universities from the database successfully
2023/06/20 17:16:47 universities-ranking-controller.go:62: Retrieved all universities from the cache successfully
2023/06/20 17:16:49 universities-ranking-controller.go:62: Retrieved all universities from the cache successfully
2023/06/20 17:18:40 universities-ranking-controller.go:35: Application closed!!
2023/06/20 17:18:47 universities-ranking-controller.go:29: Application started.....Running on port 9090
2023/06/20 17:19:03 universities-ranking-controller.go:76: Retrieved all universities from the database successfully
2023/06/20 17:19:29 universities-ranking-controller.go:35: Application closed!!
2023/06/20 17:19:57 universities-ranking-controller.go:29: Application started.....Running on port 9090
2023/06/20 17:23:22 universities-ranking-controller.go:76: Retrieved all universities from the database successfully
2023/06/20 17:23:27 universities-ranking-controller.go:144: Failed to update
2023/06/20 17:28:03 universities-ranking-controller.go:76: Retrieved all universities from the database successfully
2023/06/20 17:29:12 universities-ranking-controller.go:35: Application closed!!
2023/06/20 17:31:28 universities-ranking-controller.go:29: Application started.....Running on port 9090
2023/06/20 17:31:45 universities-ranking-controller.go:76: Retrieved all universities from the database successfully
2023/06/20 17:31:46 universities-ranking-controller.go:62: Retrieved all universities from the cache successfully
2023/06/20 17:32:19 universities-ranking-controller.go:35: Application closed!!
2023/06/20 17:42:11 universities-ranking-controller.go:29: Application started.....Running on port 9090
2023/06/20 17:47:04 universities-ranking-controller.go:76: Retrieved all universities from the database successfully
2023/06/20 17:47:32 universities-ranking-controller.go:62: Retrieved all universities from the cache successfully
2023/06/20 17:47:34 universities-ranking-controller.go:62: Retrieved all universities from the cache successfully
2023/06/20 17:47:52 universities-ranking-controller.go:62: Retrieved all universities from the cache successfully
2023/06/20 17:53:47 universities-ranking-controller.go:35: Application closed!!
2023/06/20 17:53:54 universities-ranking-controller.go:29: Application started.....Running on port 9090
2023/06/20 17:54:10 universities-ranking-controller.go:76: Retrieved all universities from the database successfully
2023/06/20 17:56:24 universities-ranking-controller.go:76: Retrieved all universities from the database successfully
2023/06/20 18:05:42 universities-ranking-controller.go:35: Application closed!!
2023/06/20 18:27:55 universities-ranking-controller.go:29: Application started.....Running on port 9090
2023/06/20 18:30:20 universities-ranking-controller.go:35: Application closed!!
2023/06/20 18:30:26 universities-ranking-controller.go:29: Application started.....Running on port 9090
2023/06/20 18:30:42 universities-ranking-controller.go:76: Retrieved all universities from the database successfully
2023/06/20 18:30:45 universities-ranking-controller.go:62: Retrieved all universities from the cache successfully
2023/06/20 18:30:56 universities-ranking-controller.go:62: Retrieved all universities from the cache successfully
2023/06/20 18:30:58 universities-ranking-controller.go:62: Retrieved all universities from the cache successfully
2023/06/20 18:30:59 universities-ranking-controller.go:62: Retrieved all universities from the cache successfully
2023/06/20 18:31:11 universities-ranking-controller.go:35: Application closed!!
2023/06/20 18:31:17 universities-ranking-controller.go:29: Application started.....Running on port 9090
2023/06/20 18:31:31 universities-ranking-controller.go:143: Failed to update
2023/06/20 18:31:46 universities-ranking-controller.go:35: Application closed!!
2023/06/20 18:32:28 universities-ranking-controller.go:29: Application started.....Running on port 9090
2023/06/20 18:33:25 universities-ranking-controller.go:143: Failed to update
2023/06/20 18:33:41 universities-ranking-controller.go:143: Failed to update
2023/06/20 18:34:08 universities-ranking-controller.go:143: Failed to update
2023/06/20 18:34:18 universities-ranking-controller.go:35: Application closed!!
2023/06/20 19:58:16 universities-ranking-controller.go:29: Application started.....Running on port 9090
2023/06/20 20:01:12 universities-ranking-controller.go:76: Retrieved all universities from the database successfully
2023/06/20 20:01:57 universities-ranking-controller.go:62: Retrieved all universities from the cache successfully
2023/06/20 20:01:59 universities-ranking-controller.go:62: Retrieved all universities from the cache successfully
2023/06/20 20:02:00 universities-ranking-controller.go:62: Retrieved all universities from the cache successfully
2023/06/20 20:02:22 universities-ranking-controller.go:35: Application closed!!
2023/06/20 20:02:32 universities-ranking-controller.go:29: Application started.....Running on port 9090
2023/06/20 20:02:44 universities-ranking-controller.go:76: Retrieved all universities from the database successfully
2023/06/20 20:02:46 universities-ranking-controller.go:62: Retrieved all universities from the cache successfully
2023/06/20 20:02:50 universities-ranking-controller.go:62: Retrieved all universities from the cache successfully
2023/06/20 20:02:54 universities-ranking-controller.go:35: Application closed!!
2023/06/20 20:05:44 universities-ranking-controller.go:29: Application started.....Running on port 9090
2023/06/20 20:06:35 universities-ranking-controller.go:76: Retrieved all universities from the database successfully
2023/06/20 20:08:44 universities-ranking-controller.go:35: Application closed!!
2023/06/20 20:10:02 universities-ranking-controller.go:29: Application started.....Running on port 9090
2023/06/20 20:10:35 universities-ranking-controller.go:76: Retrieved all universities from the database successfully
2023/06/20 20:12:14 universities-ranking-controller.go:35: Application closed!!
2023/06/20 20:13:39 universities-ranking-controller.go:29: Application started.....Running on port 9090
2023/06/20 20:25:50 universities-ranking-controller.go:35: Application closed!!
2023/06/20 20:33:06 universities-ranking-controller.go:29: Application started.....Running on port 9090
2023/06/20 20:33:20 universities-ranking-controller.go:86: Retrieved all universities from the database successfully
2023/06/20 20:33:26 universities-ranking-controller.go:72: Retrieved all universities from the cache successfully
2023/06/20 20:33:57 universities-ranking-controller.go:101: Cache miss
2023/06/20 20:33:57 universities-ranking-controller.go:112: Retrieved the university info by rank: 15 from the database successfully
2023/06/20 20:33:59 universities-ranking-controller.go:121: Retrieved the university info by rank: 15 from the Cache successfully
2023/06/20 20:34:00 universities-ranking-controller.go:121: Retrieved the university info by rank: 15 from the Cache successfully
2023/06/20 20:34:01 universities-ranking-controller.go:121: Retrieved the university info by rank: 15 from the Cache successfully
2023/06/20 20:34:02 universities-ranking-controller.go:121: Retrieved the university info by rank: 15 from the Cache successfully
2023/06/20 20:34:03 universities-ranking-controller.go:121: Retrieved the university info by rank: 15 from the Cache successfully
2023/06/20 20:34:04 universities-ranking-controller.go:121: Retrieved the university info by rank: 15 from the Cache successfully
2023/06/20 20:34:21 universities-ranking-controller.go:121: Retrieved the university info by rank: 15 from the Cache successfully
2023/06/20 20:34:22 universities-ranking-controller.go:121: Retrieved the university info by rank: 15 from the Cache successfully
2023/06/20 20:34:25 universities-ranking-controller.go:121: Retrieved the university info by rank: 15 from the Cache successfully
2023/06/20 20:34:26 universities-ranking-controller.go:121: Retrieved the university info by rank: 15 from the Cache successfully
2023/06/20 20:34:27 universities-ranking-controller.go:121: Retrieved the university info by rank: 15 from the Cache successfully
2023/06/20 20:34:28 universities-ranking-controller.go:121: Retrieved the university info by rank: 15 from the Cache successfully
2023/06/20 20:34:29 universities-ranking-controller.go:121: Retrieved the university info by rank: 15 from the Cache successfully
2023/06/20 20:34:30 universities-ranking-controller.go:121: Retrieved the university info by rank: 15 from the Cache successfully
2023/06/20 20:34:58 universities-ranking-controller.go:121: Retrieved the university info by rank: 15 from the Cache successfully
2023/06/20 20:34:59 universities-ranking-controller.go:121: Retrieved the university info by rank: 15 from the Cache successfully
2023/06/20 20:35:15 universities-ranking-controller.go:101: Cache miss
2023/06/20 20:35:15 universities-ranking-controller.go:112: Retrieved the university info by rank: 30 from the database successfully
2023/06/20 20:35:16 universities-ranking-controller.go:121: Retrieved the university info by rank: 30 from the Cache successfully
2023/06/20 20:35:17 universities-ranking-controller.go:121: Retrieved the university info by rank: 30 from the Cache successfully
2023/06/20 20:35:18 universities-ranking-controller.go:121: Retrieved the university info by rank: 30 from the Cache successfully
2023/06/20 20:35:19 universities-ranking-controller.go:121: Retrieved the university info by rank: 30 from the Cache successfully
2023/06/20 20:35:20 universities-ranking-controller.go:121: Retrieved the university info by rank: 30 from the Cache successfully
2023/06/20 20:35:21 universities-ranking-controller.go:121: Retrieved the university info by rank: 30 from the Cache successfully
2023/06/20 20:35:22 universities-ranking-controller.go:121: Retrieved the university info by rank: 30 from the Cache successfully
2023/06/20 20:35:28 universities-ranking-controller.go:121: Retrieved the university info by rank: 30 from the Cache successfully
2023/06/20 20:35:29 universities-ranking-controller.go:121: Retrieved the university info by rank: 30 from the Cache successfully
2023/06/20 20:35:30 universities-ranking-controller.go:121: Retrieved the university info by rank: 30 from the Cache successfully
2023/06/20 20:35:31 universities-ranking-controller.go:121: Retrieved the university info by rank: 30 from the Cache successfully
2023/06/20 20:35:31 universities-ranking-controller.go:121: Retrieved the university info by rank: 30 from the Cache successfully
2023/06/20 20:35:42 universities-ranking-controller.go:121: Retrieved the university info by rank: 30 from the Cache successfully
2023/06/20 20:35:43 universities-ranking-controller.go:121: Retrieved the university info by rank: 30 from the Cache successfully
2023/06/20 20:35:44 universities-ranking-controller.go:121: Retrieved the university info by rank: 30 from the Cache successfully
2023/06/20 20:35:45 universities-ranking-controller.go:121: Retrieved the university info by rank: 30 from the Cache successfully
2023/06/20 20:35:46 universities-ranking-controller.go:121: Retrieved the university info by rank: 30 from the Cache successfully
2023/06/20 20:36:02 universities-ranking-controller.go:121: Retrieved the university info by rank: 30 from the Cache successfully
2023/06/20 20:36:03 universities-ranking-controller.go:121: Retrieved the university info by rank: 30 from the Cache successfully
2023/06/20 20:36:04 universities-ranking-controller.go:121: Retrieved the university info by rank: 30 from the Cache successfully
2023/06/20 20:36:04 universities-ranking-controller.go:121: Retrieved the university info by rank: 30 from the Cache successfully
2023/06/20 20:36:05 universities-ranking-controller.go:121: Retrieved the university info by rank: 30 from the Cache successfully
2023/06/20 20:36:05 universities-ranking-controller.go:121: Retrieved the university info by rank: 30 from the Cache successfully
2023/06/20 20:36:06 universities-ranking-controller.go:121: Retrieved the university info by rank: 30 from the Cache successfully
2023/06/20 20:36:07 universities-ranking-controller.go:121: Retrieved the university info by rank: 30 from the Cache successfully
2023/06/20 20:36:08 universities-ranking-controller.go:121: Retrieved the university info by rank: 30 from the Cache successfully
2023/06/20 20:36:17 universities-ranking-controller.go:35: Application closed!!
2023/06/20 20:44:15 universities-ranking-controller.go:29: Application started.....Running on port 9090
2023/06/20 20:44:22 universities-ranking-controller.go:101: Cache miss
2023/06/20 20:44:22 universities-ranking-controller.go:112: Retrieved the university info by rank: 30 from the database successfully
2023/06/20 20:44:24 universities-ranking-controller.go:121: Retrieved the university info by rank: 30 from the Cache successfully
2023/06/20 20:44:25 universities-ranking-controller.go:121: Retrieved the university info by rank: 30 from the Cache successfully
2023/06/20 20:44:26 universities-ranking-controller.go:121: Retrieved the university info by rank: 30 from the Cache successfully
2023/06/20 20:44:27 universities-ranking-controller.go:121: Retrieved the university info by rank: 30 from the Cache successfully
2023/06/20 20:44:32 universities-ranking-controller.go:35: Application closed!!
2023/06/20 20:44:48 universities-ranking-controller.go:29: Application started.....Running on port 9090
2023/06/20 20:44:55 universities-ranking-controller.go:101: Cache miss
2023/06/20 20:44:55 universities-ranking-controller.go:112: Retrieved the university info by rank: 30 from the database successfully
2023/06/20 20:44:56 universities-ranking-controller.go:121: Retrieved the university info by rank: 30 from the Cache successfully
2023/06/20 20:45:00 universities-ranking-controller.go:35: Application closed!!
2023/06/20 20:57:03 universities-ranking-controller.go:29: Application started.....Running on port 9090
2023/06/20 20:57:24 universities-ranking-controller.go:185: Deleted university info for rank : 1 successfully
2023/06/20 20:57:48 universities-ranking-controller.go:101: Cache miss
2023/06/20 20:57:48 universities-ranking-controller.go:105: No Record found for rank : 1
2023/06/20 20:58:17 universities-ranking-controller.go:35: Application closed!!
2023/06/20 21:10:38 universities-ranking-controller.go:29: Application started.....Running on port 9090
2023/06/20 21:13:18 universities-ranking-controller.go:147: New University created
2023/06/20 21:13:47 universities-ranking-controller.go:101: Cache miss
2023/06/20 21:13:47 universities-ranking-controller.go:112: Retrieved the university info by rank: 1527 from the database successfully
2023/06/20 21:13:50 universities-ranking-controller.go:121: Retrieved the university info by rank: 1527 from the Cache successfully
2023/06/20 21:14:16 universities-ranking-controller.go:208: Deleted university info for rank : 1527 successfully
2023/06/20 21:14:23 universities-ranking-controller.go:121: Retrieved the university info by rank: 1527 from the Cache successfully
2023/06/20 21:14:28 universities-ranking-controller.go:121: Retrieved the university info by rank: 1527 from the Cache successfully
2023/06/20 21:15:01 universities-ranking-controller.go:121: Retrieved the university info by rank: 1527 from the Cache successfully
2023/06/20 21:15:23 universities-ranking-controller.go:196: No Record found for rank : 1527
2023/06/20 21:15:32 universities-ranking-controller.go:121: Retrieved the university info by rank: 1527 from the Cache successfully
2023/06/20 21:15:33 universities-ranking-controller.go:121: Retrieved the university info by rank: 1527 from the Cache successfully
2023/06/20 21:15:45 universities-ranking-controller.go:121: Retrieved the university info by rank: 1527 from the Cache successfully
2023/06/20 21:15:46 universities-ranking-controller.go:121: Retrieved the university info by rank: 1527 from the Cache successfully
2023/06/20 21:15:46 universities-ranking-controller.go:121: Retrieved the university info by rank: 1527 from the Cache successfully
2023/06/20 21:15:46 universities-ranking-controller.go:121: Retrieved the university info by rank: 1527 from the Cache successfully
2023/06/20 21:15:47 universities-ranking-controller.go:121: Retrieved the university info by rank: 1527 from the Cache successfully
2023/06/20 21:15:47 universities-ranking-controller.go:101: Cache miss
2023/06/20 21:15:47 universities-ranking-controller.go:105: No Record found for rank : 1527
2023/06/20 21:16:17 universities-ranking-controller.go:35: Application closed!!
